#
# There is insufficient memory for the Java Runtime Environment to continue.
# Native memory allocation (malloc) failed to allocate 1048576 bytes for AllocateHeap
# Possible reasons:
#   The system is out of physical RAM or swap space
#   In 32 bit mode, the process size limit was hit
# Possible solutions:
#   Reduce memory load on the system
#   Increase physical memory or swap space
#   Check if swap backing store is full
#   Use 64 bit Java on a 64 bit OS
#   Decrease Java heap size (-Xmx/-Xms)
#   Decrease number of Java threads
#   Decrease Java thread stack sizes (-Xss)
#   Set larger code cache with -XX:ReservedCodeCacheSize=
# This output file may be truncated or incomplete.
#
#  Out of Memory Error (memory/allocation.inline.hpp:61), pid=26408, tid=0x000000000000a124
#
# JRE version:  (8.0_162-b12) (build )
# Java VM: Java HotSpot(TM) 64-Bit Server VM (25.162-b12 mixed mode windows-amd64 compressed oops)
# Failed to write core dump. Minidumps are not enabled by default on client versions of Windows
#

---------------  T H R E A D  ---------------

Current thread (0x00000000032c3800):  JavaThread "Unknown thread" [_thread_in_vm, id=41252, stack(0x00000000030c0000,0x00000000031c0000)]

Stack: [0x00000000030c0000,0x00000000031c0000]
[error occurred during error reporting (printing stack bounds), id 0xc0000005]

Native frames: (J=compiled Java code, j=interpreted, Vv=VM code, C=native code)


---------------  P R O C E S S  ---------------

Java Threads: ( => current thread )

Other Threads:

=>0x00000000032c3800 (exited) JavaThread "Unknown thread" [_thread_in_vm, id=41252, stack(0x00000000030c0000,0x00000000031c0000)]

VM state:not at safepoint (normal execution)

VM Mutex/Monitor currently owned by a thread: None

Heap:
 PSYoungGen      total 37888K, used 655K [0x00000000d6100000, 0x00000000d8b00000, 0x0000000100000000)
  eden space 32768K, 2% used [0x00000000d6100000,0x00000000d61a3d80,0x00000000d8100000)
  from space 5120K, 0% used [0x00000000d8600000,0x00000000d8600000,0x00000000d8b00000)
  to   space 5120K, 0% used [0x00000000d8100000,0x00000000d8100000,0x00000000d8600000)
 ParOldGen       total 86016K, used 0K [0x0000000082200000, 0x0000000087600000, 0x00000000d6100000)
  object space 86016K, 0% used [0x0000000082200000,0x0000000082200000,0x0000000087600000)
 Metaspace       used 770K, capacity 4480K, committed 4480K, reserved 1056768K
  class space    used 75K, capacity 384K, committed 384K, reserved 1048576K

Card table byte_map: [0x0000000012780000,0x0000000012b70000] byte_map_base: 0x000000001236f000

Marking Bits: (ParMarkBitMap*) 0x0000000077f80860
 Begin Bits: [0x0000000013610000, 0x0000000015588000)
 End Bits:   [0x0000000015588000, 0x0000000017500000)

Polling page: 0x0000000001310000

CodeCache: size=245760Kb used=328Kb max_used=328Kb free=245431Kb
 bounds [0x00000000033c0000, 0x0000000003630000, 0x00000000123c0000]
 total_blobs=58 nmethods=0 adapters=38
 compilation: enabled

Compilation events (0 events):
No events

GC Heap History (0 events):
No events

Deoptimization events (0 events):
No events

Classes redefined (0 events):
No events

Internal exceptions (0 events):
No events

Events (10 events):
Event: 0.031 loading class java/lang/Short
Event: 0.031 loading class java/lang/Short done
Event: 0.031 loading class java/lang/Integer
Event: 0.031 loading class java/lang/Integer done
Event: 0.031 loading class java/lang/Long
Event: 0.031 loading class java/lang/Long done
Event: 0.032 loading class java/lang/NullPointerException
Event: 0.032 loading class java/lang/NullPointerException done
Event: 0.032 loading class java/lang/ArithmeticException
Event: 0.032 loading class java/lang/ArithmeticException done


Dynamic libraries:
0x00007ff646ae0000 - 0x00007ff646b17000 	C:\Program Files\Java\jdk1.8.0_162\bin\java.exe
0x00007ff8c0950000 - 0x00007ff8c0b31000 	C:\windows\SYSTEM32\ntdll.dll
0x00007ff8be280000 - 0x00007ff8be331000 	C:\windows\System32\KERNEL32.DLL
0x00007ff8bd190000 - 0x00007ff8bd403000 	C:\windows\System32\KERNELBASE.dll
0x00007ff8be3e0000 - 0x00007ff8be481000 	C:\windows\System32\ADVAPI32.dll
0x00007ff8c0420000 - 0x00007ff8c04be000 	C:\windows\System32\msvcrt.dll
0x00007ff8bedc0000 - 0x00007ff8bee1b000 	C:\windows\System32\sechost.dll
0x00007ff8bde20000 - 0x00007ff8bdf44000 	C:\windows\System32\RPCRT4.dll
0x00007ff8c0710000 - 0x00007ff8c08a1000 	C:\windows\System32\USER32.dll
0x00007ff8bd410000 - 0x00007ff8bd430000 	C:\windows\System32\win32u.dll
0x00007ff8be640000 - 0x00007ff8be668000 	C:\windows\System32\GDI32.dll
0x00007ff8bccf0000 - 0x00007ff8bce83000 	C:\windows\System32\gdi32full.dll
0x00007ff8bd580000 - 0x00007ff8bd61f000 	C:\windows\System32\msvcp_win.dll
0x00007ff8bd430000 - 0x00007ff8bd528000 	C:\windows\System32\ucrtbase.dll
0x00007ff8abb00000 - 0x00007ff8abd69000 	C:\windows\WinSxS\amd64_microsoft.windows.common-controls_6595b64144ccf1df_6.0.17134.1845_none_d3ffcfc77c905a82\COMCTL32.dll
0x00007ff8bdf50000 - 0x00007ff8be271000 	C:\windows\System32\combase.dll
0x00007ff8bdd40000 - 0x00007ff8bddb9000 	C:\windows\System32\bcryptPrimitives.dll
0x00007ff8c03f0000 - 0x00007ff8c041d000 	C:\windows\System32\IMM32.DLL
0x00000000526d0000 - 0x00000000527a1000 	C:\Program Files\Java\jdk1.8.0_162\jre\bin\msvcr100.dll
0x0000000077760000 - 0x0000000078000000 	C:\Program Files\Java\jdk1.8.0_162\jre\bin\server\jvm.dll
0x00007ff8bec20000 - 0x00007ff8bec28000 	C:\windows\System32\PSAPI.DLL
0x00007ff8a98c0000 - 0x00007ff8a98c9000 	C:\windows\SYSTEM32\WSOCK32.dll
0x00007ff8b8200000 - 0x00007ff8b820a000 	C:\windows\SYSTEM32\VERSION.dll
0x00007ff8b9f90000 - 0x00007ff8b9fb3000 	C:\windows\SYSTEM32\WINMM.dll
0x00007ff8c08b0000 - 0x00007ff8c091c000 	C:\windows\System32\WS2_32.dll
0x00007ff8b9f60000 - 0x00007ff8b9f8a000 	C:\windows\SYSTEM32\winmmbase.dll
0x00007ff8bd530000 - 0x00007ff8bd579000 	C:\windows\System32\cfgmgr32.dll
0x0000000052a10000 - 0x0000000052a1f000 	C:\Program Files\Java\jdk1.8.0_162\jre\bin\verify.dll
0x00000000529e0000 - 0x0000000052a09000 	C:\Program Files\Java\jdk1.8.0_162\jre\bin\java.dll
0x0000000052970000 - 0x0000000052993000 	C:\Program Files\Java\jdk1.8.0_162\jre\bin\instrument.dll
0x00000000529c0000 - 0x00000000529d6000 	C:\Program Files\Java\jdk1.8.0_162\jre\bin\zip.dll

VM Arguments:
jvm_args: -javaagent:C:\Program Files\JetBrains\IntelliJ IDEA Community Edition 2019.2.3\lib\idea_rt.jar=55422:C:\Program Files\JetBrains\IntelliJ IDEA Community Edition 2019.2.3\bin -Dfile.encoding=UTF-8 
java_command: core.mainGame
java_class_path (initial): C:\Program Files\Java\jdk1.8.0_162\jre\lib\charsets.jar;C:\Program Files\Java\jdk1.8.0_162\jre\lib\deploy.jar;C:\Program Files\Java\jdk1.8.0_162\jre\lib\ext\access-bridge-64.jar;C:\Program Files\Java\jdk1.8.0_162\jre\lib\ext\cldrdata.jar;C:\Program Files\Java\jdk1.8.0_162\jre\lib\ext\dnsns.jar;C:\Program Files\Java\jdk1.8.0_162\jre\lib\ext\jaccess.jar;C:\Program Files\Java\jdk1.8.0_162\jre\lib\ext\jfxrt.jar;C:\Program Files\Java\jdk1.8.0_162\jre\lib\ext\localedata.jar;C:\Program Files\Java\jdk1.8.0_162\jre\lib\ext\nashorn.jar;C:\Program Files\Java\jdk1.8.0_162\jre\lib\ext\sunec.jar;C:\Program Files\Java\jdk1.8.0_162\jre\lib\ext\sunjce_provider.jar;C:\Program Files\Java\jdk1.8.0_162\jre\lib\ext\sunmscapi.jar;C:\Program Files\Java\jdk1.8.0_162\jre\lib\ext\sunpkcs11.jar;C:\Program Files\Java\jdk1.8.0_162\jre\lib\ext\zipfs.jar;C:\Program Files\Java\jdk1.8.0_162\jre\lib\javaws.jar;C:\Program Files\Java\jdk1.8.0_162\jre\lib\jce.jar;C:\Program Files\Java\jdk1.8.0_162\jre\lib\jfr.jar;C:\Program Files\Java\jdk1.8.0_162\jre\lib\jfxswt.jar;C:\Program Files\Java\jdk1.8.0_162\jre\lib\jsse.jar;C:\Program Files\Java\jdk1.8.0_162\jre\lib\management-agent.jar;C:\Program Files\Java\jdk1.8.0_162\jre\lib\plugin.jar;C:\Program Files\Java\jdk1.8.0_162\jre\lib\resources.jar;C:\Program Files\Java\jdk1.8.0_162\jre\lib\rt.jar;C:\Code\PRG2\Javasoloadventure\out\production\Javasoloadventure;C:\Code\PRG2\Javasoloadventure\lib\mysql-connector.jar;C:\Program Files\JetBrains\IntelliJ IDEA Community Edition 2019.2.3\lib\idea_rt.jar
Launcher Type: SUN_STANDARD

Environment Variables:
JAVA_HOME=C:\Program Files\Java\jdk1.8.0_162
PATH=C:\Program Files\Common Files\Oracle\Java\javapath;C:\Program Files (x86)\Common Files\Oracle\Java\javapath;C:\ProgramData\Oracle\Java\javapath;C:\windows\system32;C:\windows;C:\windows\System32\Wbem;C:\windows\System32\WindowsPowerShell\v1.0\;C:\windows\System32\OpenSSH\;C:\Program Files\Common Files\Autodesk Shared\;C:\Program Files (x86)\Autodesk\Backburner\;C:\Program Files\Microsoft SQL Server\120\Tools\Binn\;C:\Program Files (x86)\Brackets\command;C:\Program Files\Microsoft SQL Server\120\DTS\Binn\;C:\Program Files\Microsoft SQL Server\Client SDK\ODBC\110\Tools\Binn\;C:\Program Files (x86)\Microsoft SQL Server\120\Tools\Binn\;C:\Program Files (x86)\Microsoft SQL Server\120\Tools\Binn\ManagementStudio\;C:\Program Files (x86)\Microsoft SQL Server\120\DTS\Binn\;C:\Program Files (x86)\Windows Kits\10\Windows Performance Toolkit\;C:\Program Files\Microsoft SQL Server\130\Tools\Binn\;C:\Program Files\dotnet\;C:\Program Files\PuTTY\;C:\Program Files (x86)\QuickTime\QTSystem\;C:\Program Files (x86)\NVIDIA Corporation\PhysX\Common;C:\Program Files (x86)\Gpg4win\..\GnuPG\bin;C:\Program Files\Java\jdk1.8.0_162\bin;C:\Program Files\nodejs\;C:\Program Files\Git\cmd;C:\Users\pierre.lundstrom.LEARNET\AppData\Local\Microsoft\WindowsApps;C:\Users\pierre.lundstrom.LEARNET\Downloads\PortableGit\bin;;C:\Users\pierre.lundstrom.LEARNET\AppData\Local\Programs\Microsoft VS Code\bin;C:\Program Files\JetBrains\IntelliJ IDEA Community Edition 2019.2.3\bin;;C:\Users\pierre.lundstrom.LEARNET\AppData\Roaming\npm
USERNAME=pierre.lundstrom
OS=Windows_NT
PROCESSOR_IDENTIFIER=Intel64 Family 6 Model 158 Stepping 10, GenuineIntel



---------------  S Y S T E M  ---------------

OS: Windows 10.0 , 64 bit Build 17134 (10.0.17134.1425)

CPU:total 8 (initial active 8) (4 cores per cpu, 2 threads per core) family 6 model 158 stepping 10, cmov, cx8, fxsr, mmx, sse, sse2, sse3, ssse3, sse4.1, sse4.2, popcnt, avx, avx2, aes, clmul, erms, 3dnowpref, lzcnt, ht, tsc, tscinvbit, bmi1, bmi2, adx

Memory: 4k page, physical 8242360k(1068024k free), swap 30476072k(5964k free)

vm_info: Java HotSpot(TM) 64-Bit Server VM (25.162-b12) for windows-amd64 JRE (1.8.0_162-b12), built on Dec 19 2017 20:00:03 by "java_re" with MS VC++ 10.0 (VS2010)

time: Mon Feb 01 10:33:40 2021
elapsed time: 0 seconds (0d 0h 0m 0s)

